<?xml version="1.0" encoding="UTF-8"?>
<!-- Generated by org.testng.reporters.JUnitReportReporter -->
<testsuite hostname="DESKTOP-JJ546MA" failures="0" tests="2" name="com.inetbanking.testcases.HomeTC_001" time="9.757" errors="0" timestamp="2022-04-17T15:11:05 IST" skipped="0">
  <testcase classname="com.inetbanking.testcases.HomeTC_001" name="verifyLoginFunctionalityTC001" time="3.558"/>
  <system-out/>
  <testcase classname="com.inetbanking.testcases.HomeTC_001" name="navigateNewCustomerPage" time="6.199"/>
  <system-out/>
</testsuite> <!-- com.inetbanking.testcases.HomeTC_001 -->
