<?xml version="1.0" encoding="UTF-8"?>
<!-- Generated by org.testng.reporters.JUnitReportReporter -->
<testsuite hostname="DESKTOP-JJ546MA" failures="0" tests="1" name="com.inetbanking.testcases.LoginTC001" time="5.834" errors="0" timestamp="2022-04-24T12:59:31 IST" skipped="0">
  <testcase classname="com.inetbanking.testcases.LoginTC001" name="verifyLoginFunctionalityTC001" time="5.834"/>
  <system-out/>
</testsuite> <!-- com.inetbanking.testcases.LoginTC001 -->
