<?xml version="1.0" encoding="UTF-8"?>
<!-- Generated by org.testng.reporters.JUnitReportReporter -->
<testsuite hostname="DESKTOP-JJ546MA" failures="0" tests="5" name="com.excelautomation.DDTesting" time="0.050" errors="0" timestamp="2022-04-09T21:28:30 IST" skipped="0">
  <testcase classname="com.excelautomation.DDTesting" name="setData" time="0.007"/>
  <system-out/>
  <testcase classname="com.excelautomation.DDTesting" name="setData" time="0.010"/>
  <system-out/>
  <testcase classname="com.excelautomation.DDTesting" name="setData" time="0.012"/>
  <system-out/>
  <testcase classname="com.excelautomation.DDTesting" name="setData" time="0.005"/>
  <system-out/>
  <testcase classname="com.excelautomation.DDTesting" name="setData" time="0.016"/>
  <system-out/>
</testsuite> <!-- com.excelautomation.DDTesting -->
