<?xml version="1.0" encoding="UTF-8"?>
<!-- Generated by org.testng.reporters.JUnitReportReporter -->
<testsuite hostname="DESKTOP-JJ546MA" failures="0" tests="1" name="com.inetbanking.testcases.DemoTest" time="0.029" errors="0" timestamp="2022-03-27T13:51:51 IST" skipped="0">
  <testcase classname="com.inetbanking.testcases.DemoTest" name="test" time="0.029"/>
  <system-out/>
</testsuite> <!-- com.inetbanking.testcases.DemoTest -->
