<?xml version="1.0" encoding="UTF-8"?>
<!-- Generated by org.testng.reporters.JUnitReportReporter -->
<testsuite hostname="DESKTOP-JJ546MA" failures="0" tests="1" name="com.inetbanking.testcases.AddNewCustomerTC_001" time="29.339" errors="0" timestamp="2022-04-18T16:57:11 IST" skipped="0">
  <testcase classname="com.inetbanking.testcases.AddNewCustomerTC_001" name="addNewCustomerPage" time="29.339"/>
  <system-out/>
</testsuite> <!-- com.inetbanking.testcases.AddNewCustomerTC_001 -->
