<?xml version="1.0" encoding="UTF-8"?>
<!-- Generated by org.testng.reporters.JUnitReportReporter -->
<testsuite hostname="DESKTOP-JJ546MA" failures="0" tests="4" name="com.inetbanking.testcases.LoginTC002" time="33.949" errors="0" timestamp="2022-04-16T21:38:16 IST" skipped="0">
  <testcase classname="com.inetbanking.testcases.LoginTC002" name="verifyLoginFunctionalityDDTest" time="10.406"/>
  <system-out/>
  <testcase classname="com.inetbanking.testcases.LoginTC002" name="verifyLoginFunctionalityDDTest" time="6.938"/>
  <system-out/>
  <testcase classname="com.inetbanking.testcases.LoginTC002" name="verifyLoginFunctionalityDDTest" time="9.865"/>
  <system-out/>
  <testcase classname="com.inetbanking.testcases.LoginTC002" name="verifyLoginFunctionalityDDTest" time="6.740"/>
  <system-out/>
</testsuite> <!-- com.inetbanking.testcases.LoginTC002 -->
